-------------------------------------------------------------------------------
Test set: com.example.dormmanagement.StudentServiceTest
-------------------------------------------------------------------------------
Tests run: 1, Failures: 0, Errors: 1, Skipped: 0, Time elapsed: 0.005 s <<< FAILURE! - in com.example.dormmanagement.StudentServiceTest
testAssignAndCheckoutStudent  Time elapsed: 0.003 s  <<< ERROR!
org.springframework.orm.jpa.JpaSystemException: ids for this class must be manually assigned before calling save(): com.example.dormmanagement.model.Room; nested exception is org.hibernate.id.IdentifierGenerationException: ids for this class must be manually assigned before calling save(): com.example.dormmanagement.model.Room
	at com.example.dormmanagement.StudentServiceTest.testAssignAndCheckoutStudent(StudentServiceTest.java:44)
Caused by: org.hibernate.id.IdentifierGenerationException: ids for this class must be manually assigned before calling save(): com.example.dormmanagement.model.Room
	at com.example.dormmanagement.StudentServiceTest.testAssignAndCheckoutStudent(StudentServiceTest.java:44)

