<?xml version="1.0" encoding="UTF-8"?>
<testsuite xmlns:xsi="http://www.w3.org/2001/XMLSchema-instance" xsi:noNamespaceSchemaLocation="https://maven.apache.org/surefire/maven-surefire-plugin/xsd/surefire-test-report.xsd" name="com.example.dormmanagement.StudentServiceTest" time="0.005" tests="1" errors="1" skipped="0" failures="0">
  <properties>
[...]
</properties>
  <testcase name="testAssignAndCheckoutStudent" classname="com.example.dormmanagement.StudentServiceTest" time="0.003">
    <error message="ids for this class must be manually assigned before calling save(): com.example.dormmanagement.model.Room; nested exception is org.hibernate.id.IdentifierGenerationException: ids for this class must be manually assigned before calling save(): com.example.dormmanagement.model.Room" type="org.springframework.orm.jpa.JpaSystemException">org.springframework.orm.jpa.JpaSystemException: ids for this class must be manually assigned before calling save(): com.example.dormmanagement.model.Room; nested exception is org.hibernate.id.IdentifierGenerationException: ids for this class must be manually assigned before calling save(): com.example.dormmanagement.model.Room
	at com.example.dormmanagement.StudentServiceTest.testAssignAndCheckoutStudent(StudentServiceTest.java:44)
Caused by: org.hibernate.id.IdentifierGenerationException: ids for this class must be manually assigned before calling save(): com.example.dormmanagement.model.Room
	at com.example.dormmanagement.StudentServiceTest.testAssignAndCheckoutStudent(StudentServiceTest.java:44)
</error>
    <system-out><![CDATA[2025-06-07 15:26:34.086  INFO 27080 --- [           main] b.t.a.o.j.DataJpaTestContextBootstrapper : Neither @ContextConfiguration nor @ContextHierarchy found for test class [com.example.dormmanagement.StudentServiceTest], using SpringBootContextLoader
2025-06-07 15:26:34.087  INFO 27080 --- [           main] o.s.t.c.support.AbstractContextLoader    : Could not detect default resource locations for test class [com.example.dormmanagement.StudentServiceTest]: no resource found for suffixes {-context.xml, Context.groovy}.
2025-06-07 15:26:34.088  INFO 27080 --- [           main] t.c.s.AnnotationConfigContextLoaderUtils : Could not detect default configuration classes for test class [com.example.dormmanagement.StudentServiceTest]: StudentServiceTest does not declare any static, non-private, non-final, nested classes annotated with @Configuration.
2025-06-07 15:26:34.095  INFO 27080 --- [           main] .b.t.c.SpringBootTestContextBootstrapper : Found @SpringBootConfiguration com.example.dormmanagement.DormManagementApplication for test class com.example.dormmanagement.StudentServiceTest
2025-06-07 15:26:34.096  INFO 27080 --- [           main] b.t.a.o.j.DataJpaTestContextBootstrapper : Loaded default TestExecutionListener class names from location [META-INF/spring.factories]: [org.springframework.boot.test.mock.mockito.MockitoTestExecutionListener, org.springframework.boot.test.mock.mockito.ResetMocksTestExecutionListener, org.springframework.boot.test.autoconfigure.restdocs.RestDocsTestExecutionListener, org.springframework.boot.test.autoconfigure.web.client.MockRestServiceServerResetTestExecutionListener, org.springframework.boot.test.autoconfigure.web.servlet.MockMvcPrintOnlyOnFailureTestExecutionListener, org.springframework.boot.test.autoconfigure.web.servlet.WebDriverTestExecutionListener, org.springframework.boot.test.autoconfigure.webservices.client.MockWebServiceServerTestExecutionListener, org.springframework.test.context.web.ServletTestExecutionListener, org.springframework.test.context.support.DirtiesContextBeforeModesTestExecutionListener, org.springframework.test.context.event.ApplicationEventsTestExecutionListener, org.springframework.test.context.support.DependencyInjectionTestExecutionListener, org.springframework.test.context.support.DirtiesContextTestExecutionListener, org.springframework.test.context.transaction.TransactionalTestExecutionListener, org.springframework.test.context.jdbc.SqlScriptsTestExecutionListener, org.springframework.test.context.event.EventPublishingTestExecutionListener]
2025-06-07 15:26:34.098  INFO 27080 --- [           main] b.t.a.o.j.DataJpaTestContextBootstrapper : Using TestExecutionListeners: [org.springframework.test.context.web.ServletTestExecutionListener@e18d2a2, org.springframework.test.context.support.DirtiesContextBeforeModesTestExecutionListener@1a77eb6, org.springframework.test.context.event.ApplicationEventsTestExecutionListener@52d9f36b, org.springframework.boot.test.mock.mockito.MockitoTestExecutionListener@5f9ebd5a, org.springframework.boot.test.autoconfigure.SpringBootDependencyInjectionTestExecutionListener@175bf9c9, org.springframework.test.context.support.DirtiesContextTestExecutionListener@2db3675a, org.springframework.test.context.transaction.TransactionalTestExecutionListener@306c9b2c, org.springframework.test.context.jdbc.SqlScriptsTestExecutionListener@1ab28416, org.springframework.test.context.event.EventPublishingTestExecutionListener@52efb338, org.springframework.boot.test.mock.mockito.ResetMocksTestExecutionListener@64508788, org.springframework.boot.test.autoconfigure.restdocs.RestDocsTestExecutionListener@30b1c5d5, org.springframework.boot.test.autoconfigure.web.client.MockRestServiceServerResetTestExecutionListener@3e2d65e1, org.springframework.boot.test.autoconfigure.web.servlet.MockMvcPrintOnlyOnFailureTestExecutionListener@1174676f, org.springframework.boot.test.autoconfigure.web.servlet.WebDriverTestExecutionListener@71f8ce0e, org.springframework.boot.test.autoconfigure.webservices.client.MockWebServiceServerTestExecutionListener@4fd92289]
2025-06-07 15:26:34.107  INFO 27080 --- [           main] o.s.t.c.transaction.TransactionContext   : Began transaction (1) for test context [DefaultTestContext@1987807b testClass = StudentServiceTest, testInstance = com.example.dormmanagement.StudentServiceTest@71469e01, testMethod = testAssignAndCheckoutStudent@StudentServiceTest, testException = [null], mergedContextConfiguration = [MergedContextConfiguration@41bbb219 testClass = StudentServiceTest, locations = '{}', classes = '{class com.example.dormmanagement.DormManagementApplication}', contextInitializerClasses = '[]', activeProfiles = '{}', propertySourceLocations = '{}', propertySourceProperties = '{org.springframework.boot.test.autoconfigure.orm.jpa.DataJpaTestContextBootstrapper=true}', contextCustomizers = set[[ImportsContextCustomizer@3f2ae973 key = [org.springframework.boot.autoconfigure.cache.CacheAutoConfiguration, org.springframework.boot.autoconfigure.data.jpa.JpaRepositoriesAutoConfiguration, org.springframework.boot.autoconfigure.flyway.FlywayAutoConfiguration, org.springframework.boot.autoconfigure.jdbc.DataSourceAutoConfiguration, org.springframework.boot.autoconfigure.jdbc.DataSourceTransactionManagerAutoConfiguration, org.springframework.boot.autoconfigure.jdbc.JdbcTemplateAutoConfiguration, org.springframework.boot.autoconfigure.liquibase.LiquibaseAutoConfiguration, org.springframework.boot.autoconfigure.orm.jpa.HibernateJpaAutoConfiguration, org.springframework.boot.autoconfigure.sql.init.SqlInitializationAutoConfiguration, org.springframework.boot.autoconfigure.transaction.TransactionAutoConfiguration, org.springframework.boot.test.autoconfigure.jdbc.TestDatabaseAutoConfiguration, org.springframework.boot.test.autoconfigure.orm.jpa.TestEntityManagerAutoConfiguration]], org.springframework.boot.test.context.filter.ExcludeFilterContextCustomizer@574b560f, org.springframework.boot.test.json.DuplicateJsonObjectContextCustomizerFactory$DuplicateJsonObjectContextCustomizer@3943a2be, org.springframework.boot.test.mock.mockito.MockitoContextCustomizer@0, org.springframework.boot.test.autoconfigure.OverrideAutoConfigurationContextCustomizerFactory$DisableAutoConfigurationContextCustomizer@6f27a732, org.springframework.boot.test.autoconfigure.actuate.metrics.MetricsExportContextCustomizerFactory$DisableMetricExportContextCustomizer@2e1d27ba, org.springframework.boot.test.autoconfigure.filter.TypeExcludeFiltersContextCustomizer@351584c0, org.springframework.boot.test.autoconfigure.properties.PropertyMappingContextCustomizer@ac093aa9, org.springframework.boot.test.autoconfigure.web.servlet.WebDriverContextCustomizerFactory$Customizer@2cd2a21f, org.springframework.boot.test.context.SpringBootTestArgs@1, org.springframework.boot.test.context.SpringBootTestWebEnvironment@0], contextLoader = 'org.springframework.boot.test.context.SpringBootContextLoader', parent = [null]], attributes = map['org.springframework.test.context.event.ApplicationEventsTestExecutionListener.recordApplicationEvents' -> false]]; transaction manager [org.springframework.orm.jpa.JpaTransactionManager@3b65084e]; rollback [true]
Hibernate: 
    select
        student0_.id as id1_2_,
        student0_.birth_date as birth_da2_2_,
        student0_.check_in_date as check_in3_2_,
        student0_.check_out_date as check_ou4_2_,
        student0_.email as email5_2_,
        student0_.is_checked_in as is_check6_2_,
        student0_.major as major7_2_,
        student0_.name as name8_2_,
        student0_.phone_number as phone_nu9_2_,
        student0_.room_id as room_id10_2_ 
    from
        students student0_
Hibernate: 
    select
        room0_.id as id1_1_,
        room0_.capacity as capacity2_1_,
        room0_.description as descript3_1_,
        room0_.dorm_id as dorm_id4_1_,
        room0_.floor as floor5_1_,
        room0_.room_number as room_num6_1_ 
    from
        rooms room0_
2025-06-07 15:26:34.130  INFO 27080 --- [           main] o.s.t.c.transaction.TransactionContext   : Rolled back transaction for test: [DefaultTestContext@1987807b testClass = StudentServiceTest, testInstance = com.example.dormmanagement.StudentServiceTest@71469e01, testMethod = testAssignAndCheckoutStudent@StudentServiceTest, testException = org.springframework.orm.jpa.JpaSystemException: ids for this class must be manually assigned before calling save(): com.example.dormmanagement.model.Room; nested exception is org.hibernate.id.IdentifierGenerationException: ids for this class must be manually assigned before calling save(): com.example.dormmanagement.model.Room, mergedContextConfiguration = [MergedContextConfiguration@41bbb219 testClass = StudentServiceTest, locations = '{}', classes = '{class com.example.dormmanagement.DormManagementApplication}', contextInitializerClasses = '[]', activeProfiles = '{}', propertySourceLocations = '{}', propertySourceProperties = '{org.springframework.boot.test.autoconfigure.orm.jpa.DataJpaTestContextBootstrapper=true}', contextCustomizers = set[[ImportsContextCustomizer@3f2ae973 key = [org.springframework.boot.autoconfigure.cache.CacheAutoConfiguration, org.springframework.boot.autoconfigure.data.jpa.JpaRepositoriesAutoConfiguration, org.springframework.boot.autoconfigure.flyway.FlywayAutoConfiguration, org.springframework.boot.autoconfigure.jdbc.DataSourceAutoConfiguration, org.springframework.boot.autoconfigure.jdbc.DataSourceTransactionManagerAutoConfiguration, org.springframework.boot.autoconfigure.jdbc.JdbcTemplateAutoConfiguration, org.springframework.boot.autoconfigure.liquibase.LiquibaseAutoConfiguration, org.springframework.boot.autoconfigure.orm.jpa.HibernateJpaAutoConfiguration, org.springframework.boot.autoconfigure.sql.init.SqlInitializationAutoConfiguration, org.springframework.boot.autoconfigure.transaction.TransactionAutoConfiguration, org.springframework.boot.test.autoconfigure.jdbc.TestDatabaseAutoConfiguration, org.springframework.boot.test.autoconfigure.orm.jpa.TestEntityManagerAutoConfiguration]], org.springframework.boot.test.context.filter.ExcludeFilterContextCustomizer@574b560f, org.springframework.boot.test.json.DuplicateJsonObjectContextCustomizerFactory$DuplicateJsonObjectContextCustomizer@3943a2be, org.springframework.boot.test.mock.mockito.MockitoContextCustomizer@0, org.springframework.boot.test.autoconfigure.OverrideAutoConfigurationContextCustomizerFactory$DisableAutoConfigurationContextCustomizer@6f27a732, org.springframework.boot.test.autoconfigure.actuate.metrics.MetricsExportContextCustomizerFactory$DisableMetricExportContextCustomizer@2e1d27ba, org.springframework.boot.test.autoconfigure.filter.TypeExcludeFiltersContextCustomizer@351584c0, org.springframework.boot.test.autoconfigure.properties.PropertyMappingContextCustomizer@ac093aa9, org.springframework.boot.test.autoconfigure.web.servlet.WebDriverContextCustomizerFactory$Customizer@2cd2a21f, org.springframework.boot.test.context.SpringBootTestArgs@1, org.springframework.boot.test.context.SpringBootTestWebEnvironment@0], contextLoader = 'org.springframework.boot.test.context.SpringBootContextLoader', parent = [null]], attributes = map['org.springframework.test.context.event.ApplicationEventsTestExecutionListener.recordApplicationEvents' -> false]]
]]></system-out>
  </testcase>
</testsuite>